<?xml version="1.0" encoding="UTF-8"?>
<testng-results skipped="0" failed="0" ignored="0" total="1" passed="1">
  <reporter-output>
  </reporter-output>
  <suite name="Suite" duration-ms="65712" started-at="2020-07-06T03:19:15 EET" finished-at="2020-07-06T03:20:21 EET">
    <groups>
      <group name="cucumber">
        <method signature="AbstractTestNGCucumberTests.feature(cucumber.api.testng.CucumberFeatureWrapper)[pri:0, instance:cucumber_options.TestRunner@77cd7a0]" name="feature" class="cucumber.api.testng.AbstractTestNGCucumberTests"/>
      </group> <!-- cucumber -->
    </groups>
    <test name="Trendyol Test Automation Engineer Case" duration-ms="65712" started-at="2020-07-06T03:19:15 EET" finished-at="2020-07-06T03:20:21 EET">
      <class name="cucumber_options.TestRunner">
        <test-method status="PASS" signature="setUpClass()[pri:0, instance:cucumber_options.TestRunner@77cd7a0]" name="setUpClass" is-config="true" duration-ms="341" started-at="2020-07-06T03:19:15 EET" finished-at="2020-07-06T03:19:16 EET">
          <reporter-output>
          </reporter-output>
        </test-method> <!-- setUpClass -->
        <test-method status="PASS" signature="feature(cucumber.api.testng.CucumberFeatureWrapper)[pri:0, instance:cucumber_options.TestRunner@77cd7a0]" name="feature" duration-ms="65199" started-at="2020-07-06T03:19:16 EET" description="Runs Cucumber Feature" data-provider="features" finished-at="2020-07-06T03:20:21 EET">
          <params>
            <param index="0">
              <value>
                <![CDATA[Trendyol Test Automation Engineer Case]]>
              </value>
            </param>
          </params>
          <reporter-output>
          </reporter-output>
        </test-method> <!-- feature -->
        <test-method status="PASS" signature="tearDownClass()[pri:0, instance:cucumber_options.TestRunner@77cd7a0]" name="tearDownClass" is-config="true" duration-ms="3" started-at="2020-07-06T03:20:21 EET" finished-at="2020-07-06T03:20:21 EET">
          <reporter-output>
          </reporter-output>
        </test-method> <!-- tearDownClass -->
      </class> <!-- cucumber_options.TestRunner -->
    </test> <!-- Trendyol Test Automation Engineer Case -->
  </suite> <!-- Suite -->
</testng-results>
